{"/Users/simonstaton/Documents/bynd-frontend/scripts/src/vanilla/helpers/debounce.js": {"path":"/Users/simonstaton/Documents/bynd-frontend/scripts/src/vanilla/helpers/debounce.js","statementMap":{"0":{"start":{"line":7,"column":2},"end":{"line":12,"column":3}},"1":{"start":{"line":8,"column":4},"end":{"line":8,"column":26}},"2":{"start":{"line":9,"column":4},"end":{"line":11,"column":20}},"3":{"start":{"line":10,"column":6},"end":{"line":10,"column":32}}},"fnMap":{"0":{"name":"debounce","decl":{"start":{"line":5,"column":24},"end":{"line":5,"column":32}},"loc":{"start":{"line":5,"column":43},"end":{"line":13,"column":1}},"line":5},"1":{"name":"(anonymous_1)","decl":{"start":{"line":7,"column":9},"end":{"line":7,"column":10}},"loc":{"start":{"line":7,"column":21},"end":{"line":12,"column":3}},"line":7},"2":{"name":"(anonymous_2)","decl":{"start":{"line":9,"column":25},"end":{"line":9,"column":26}},"loc":{"start":{"line":9,"column":31},"end":{"line":11,"column":5}},"line":9}},"branchMap":{"0":{"loc":{"start":{"line":11,"column":8},"end":{"line":11,"column":17}},"type":"binary-expr","locations":[{"start":{"line":11,"column":8},"end":{"line":11,"column":12}},{"start":{"line":11,"column":16},"end":{"line":11,"column":17}}],"line":11}},"s":{"0":1,"1":2,"2":2,"3":1},"f":{"0":1,"1":2,"2":1},"b":{"0":[2,0]},"_coverageSchema":"332fd63041d2c1bcb487cc26dd0d5f7d97098a6c","hash":"8306753174f5e4534bc440f3361e09db03eaee6a"}
,"/Users/simonstaton/Documents/bynd-frontend/scripts/src/vanilla/helpers/throttle.js": {"path":"/Users/simonstaton/Documents/bynd-frontend/scripts/src/vanilla/helpers/throttle.js","statementMap":{"0":{"start":{"line":7,"column":13},"end":{"line":7,"column":18}},"1":{"start":{"line":8,"column":2},"end":{"line":19,"column":4}},"2":{"start":{"line":9,"column":16},"end":{"line":11,"column":5}},"3":{"start":{"line":10,"column":6},"end":{"line":10,"column":32}},"4":{"start":{"line":12,"column":4},"end":{"line":18,"column":5}},"5":{"start":{"line":13,"column":6},"end":{"line":13,"column":14}},"6":{"start":{"line":14,"column":6},"end":{"line":14,"column":18}},"7":{"start":{"line":15,"column":6},"end":{"line":17,"column":13}},"8":{"start":{"line":16,"column":8},"end":{"line":16,"column":21}}},"fnMap":{"0":{"name":"throttle","decl":{"start":{"line":5,"column":24},"end":{"line":5,"column":32}},"loc":{"start":{"line":5,"column":66},"end":{"line":20,"column":1}},"line":5},"1":{"name":"(anonymous_1)","decl":{"start":{"line":8,"column":9},"end":{"line":8,"column":10}},"loc":{"start":{"line":8,"column":22},"end":{"line":19,"column":3}},"line":8},"2":{"name":"(anonymous_2)","decl":{"start":{"line":9,"column":16},"end":{"line":9,"column":17}},"loc":{"start":{"line":9,"column":22},"end":{"line":11,"column":5}},"line":9},"3":{"name":"(anonymous_3)","decl":{"start":{"line":15,"column":22},"end":{"line":15,"column":23}},"loc":{"start":{"line":15,"column":28},"end":{"line":17,"column":7}},"line":15}},"branchMap":{"0":{"loc":{"start":{"line":5,"column":39},"end":{"line":5,"column":46}},"type":"default-arg","locations":[{"start":{"line":5,"column":44},"end":{"line":5,"column":46}}],"line":5},"1":{"loc":{"start":{"line":5,"column":48},"end":{"line":5,"column":64}},"type":"default-arg","locations":[{"start":{"line":5,"column":58},"end":{"line":5,"column":64}}],"line":5},"2":{"loc":{"start":{"line":12,"column":4},"end":{"line":18,"column":5}},"type":"if","locations":[{"start":{"line":12,"column":4},"end":{"line":18,"column":5}},{"start":{"line":12,"column":4},"end":{"line":18,"column":5}}],"line":12}},"s":{"0":1,"1":1,"2":10,"3":3,"4":10,"5":3,"6":3,"7":3,"8":3},"f":{"0":1,"1":10,"2":3,"3":3},"b":{"0":[0],"1":[1],"2":[3,7]},"_coverageSchema":"332fd63041d2c1bcb487cc26dd0d5f7d97098a6c","hash":"77dbc65ca439a2c5c46cc82af952004e90224fbf"}
}
