TN:
SF:/Users/simonstaton/Documents/bynd-frontend/scripts/src/vanilla/helpers/debounce.js
FN:5,debounce
FN:7,(anonymous_1)
FN:9,(anonymous_2)
FNF:3
FNH:3
FNDA:1,debounce
FNDA:2,(anonymous_1)
FNDA:1,(anonymous_2)
DA:7,1
DA:8,2
DA:9,2
DA:10,1
LF:4
LH:4
BRDA:11,0,0,2
BRDA:11,0,1,0
BRF:2
BRH:1
end_of_record
TN:
SF:/Users/simonstaton/Documents/bynd-frontend/scripts/src/vanilla/helpers/throttle.js
FN:5,throttle
FN:8,(anonymous_1)
FN:9,(anonymous_2)
FN:15,(anonymous_3)
FNF:4
FNH:4
FNDA:1,throttle
FNDA:10,(anonymous_1)
FNDA:3,(anonymous_2)
FNDA:3,(anonymous_3)
DA:7,1
DA:8,1
DA:9,10
DA:10,3
DA:12,10
DA:13,3
DA:14,3
DA:15,3
DA:16,3
LF:9
LH:9
BRDA:5,0,0,0
BRDA:5,1,0,1
BRDA:12,2,0,3
BRDA:12,2,1,7
BRF:4
BRH:3
end_of_record
